<?xml version="1.0" encoding="UTF-8"?>
<!-- Generated by org.testng.reporters.JUnitReportReporter -->
<testsuite hostname="LAPTOP-G3F18RG0" name="example.NewTest" tests="1" failures="0" timestamp="12 Oct 2021 11:04:14 GMT" time="6.774" errors="0">
  <testcase name="testEasy" time="6.774" classname="example.NewTest"/>
</testsuite> <!-- example.NewTest -->
