<?xml version="1.0" encoding="UTF-8"?>
<!-- Generated by org.testng.reporters.JUnitReportReporter -->
<testsuite hostname="LAPTOP-G3F18RG0" name="example.NewTest" tests="1" failures="0" timestamp="29 Oct 2021 05:56:04 GMT" time="6.663" errors="0">
  <testcase name="testEasy" time="6.663" classname="example.NewTest"/>
</testsuite> <!-- example.NewTest -->
