<?xml version="1.0" encoding="UTF-8"?>
<!-- Generated by org.testng.reporters.JUnitReportReporter -->
<testsuite hostname="LAPTOP-G3F18RG0" name="Sel.ExcelExampleFile" tests="2" failures="0" timestamp="7 Oct 2021 10:48:51 GMT" time="17.981" errors="0">
  <testcase name="demoClass" time="8.249" classname="Sel.ExcelExampleFile"/>
  <testcase name="demoClass" time="9.732" classname="Sel.ExcelExampleFile"/>
</testsuite> <!-- Sel.ExcelExampleFile -->
