<?xml version="1.0" encoding="UTF-8"?>
<!-- Generated by org.testng.reporters.JUnitReportReporter -->
<testsuite hostname="LAPTOP-G3F18RG0" name="example.NewTest" tests="1" failures="0" timestamp="29 Oct 2021 09:47:54 GMT" time="4.284" errors="0">
  <testcase name="testEasy" time="4.284" classname="example.NewTest"/>
</testsuite> <!-- example.NewTest -->
